<ns0:test-suite xmlns:ns0="urn:model.allure.qatools.yandex.ru" start="1527409801979" stop="1527409802016">
  <name>test001</name>
  <labels/>
  <test-cases>
    <test-case start="1527409801979" status="passed" stop="1527409801981">
      <name>Test_001.test_001[1]</name>
      <attachments/>
      <labels>
        <label name="severity" value="normal"/>
        <label name="thread" value="4768-MainThread"/>
        <label name="host" value="DESKTOP-9Q3VRPQ"/>
        <label name="framework" value="pytest"/>
        <label name="language" value="cpython3"/>
      </labels>
      <steps>
        <step start="1527409801981" status="passed" stop="1527409801981">
          <name>测试步骤001</name>
          <title>测试步骤001</title>
          <attachments/>
          <steps/>
        </step>
      </steps>
    </test-case>
    <test-case start="1527409801982" status="failed" stop="1527409802014">
      <name>Test_001.test_001[2]</name>
      <failure>
        <message>AssertionError: assert 2 != 2</message>
        <stack-trace>self = &lt;test001.Test_001 object at 0x05CFD690&gt;, a = 2

    @allure.step(title="测试步骤001")
    @pytest.mark.parametrize("a",[1,2,3])
    def test_001(self, a):
&gt;       assert a!= 2
E       assert 2 != 2

scripts\test001.py:8: AssertionError</stack-trace>
      </failure>
      <attachments/>
      <labels>
        <label name="severity" value="normal"/>
        <label name="thread" value="4768-MainThread"/>
        <label name="host" value="DESKTOP-9Q3VRPQ"/>
        <label name="framework" value="pytest"/>
        <label name="language" value="cpython3"/>
      </labels>
      <steps>
        <step start="1527409801983" status="failed" stop="1527409801983">
          <name>测试步骤001</name>
          <title>测试步骤001</title>
          <attachments/>
          <steps/>
        </step>
      </steps>
    </test-case>
    <test-case start="1527409802015" status="passed" stop="1527409802016">
      <name>Test_001.test_001[3]</name>
      <attachments/>
      <labels>
        <label name="severity" value="normal"/>
        <label name="thread" value="4768-MainThread"/>
        <label name="host" value="DESKTOP-9Q3VRPQ"/>
        <label name="framework" value="pytest"/>
        <label name="language" value="cpython3"/>
      </labels>
      <steps>
        <step start="1527409802015" status="passed" stop="1527409802016">
          <name>测试步骤001</name>
          <title>测试步骤001</title>
          <attachments/>
          <steps/>
        </step>
      </steps>
    </test-case>
  </test-cases>
</ns0:test-suite>
